Configuring distributed-process-simplelocalnet-0.2.3.3...
Building distributed-process-simplelocalnet-0.2.3.3...
Preprocessing library distributed-process-simplelocalnet-0.2.3.3...
[1 of 2] Compiling Control.Distributed.Process.Backend.SimpleLocalnet.Internal.Multicast ( src/Control/Distributed/Process/Backend/SimpleLocalnet/Internal/Multicast.hs, .stack-work/dist/x86_64-linux/Cabal-1.22.5.0/build/Control/Distributed/Process/Backend/SimpleLocalnet/Internal/Multicast.o )

src/Control/Distributed/Process/Backend/SimpleLocalnet/Internal/Multicast.hs:5:1: Warning:
    The import of ‘Data.Function’ is redundant
      except perhaps to import instances from ‘Data.Function’
    To import instances alone, use: import Data.Function()

src/Control/Distributed/Process/Backend/SimpleLocalnet/Internal/Multicast.hs:22:1: Warning:
    The import of ‘Control.Applicative’ is redundant
      except perhaps to import instances from ‘Control.Applicative’
    To import instances alone, use: import Control.Applicative()
[2 of 2] Compiling Control.Distributed.Process.Backend.SimpleLocalnet ( src/Control/Distributed/Process/Backend/SimpleLocalnet.hs, .stack-work/dist/x86_64-linux/Cabal-1.22.5.0/build/Control/Distributed/Process/Backend/SimpleLocalnet.o )

src/Control/Distributed/Process/Backend/SimpleLocalnet.hs:105:1: Warning:
    The import of ‘Control.Applicative’ is redundant
      except perhaps to import instances from ‘Control.Applicative’
    To import instances alone, use: import Control.Applicative()

src/Control/Distributed/Process/Backend/SimpleLocalnet.hs:259:3: Warning:
    In the use of ‘bracket’
    (imported from Control.Distributed.Process, but defined in Control.Distributed.Process.Internal.Primitives):
    Deprecated: "Use Control.Monad.Catch.bracket instead"

src/Control/Distributed/Process/Backend/SimpleLocalnet.hs:329:16: Warning:
    In the use of ‘try’
    (imported from Control.Distributed.Process, but defined in Control.Distributed.Process.Internal.Primitives):
    Deprecated: "Use Control.Monad.Catch.mask_ instead"

src/Control/Distributed/Process/Backend/SimpleLocalnet.hs:333:26: Warning:
    In the use of ‘try’
    (imported from Control.Distributed.Process, but defined in Control.Distributed.Process.Internal.Primitives):
    Deprecated: "Use Control.Monad.Catch.mask_ instead"

src/Control/Distributed/Process/Backend/SimpleLocalnet.hs:351:3: Warning:
    In the use of ‘bracket’
    (imported from Control.Distributed.Process, but defined in Control.Distributed.Process.Internal.Primitives):
    Deprecated: "Use Control.Monad.Catch.bracket instead"

src/Control/Distributed/Process/Backend/SimpleLocalnet.hs:398:37: Warning:
    In the use of ‘finally’
    (imported from Control.Distributed.Process, but defined in Control.Distributed.Process.Internal.Primitives):
    Deprecated: "Use Control.Monad.Catch.finally instead"
In-place registering distributed-process-simplelocalnet-0.2.3.3...
Installing library in
/home/jibin/workspace/new_Disributed/restful-cyclomatic/.stack-work/install/x86_64-linux/lts-6.3/7.10.3/lib/x86_64-linux-ghc-7.10.3/distributed-process-simplelocalnet-0.2.3.3-58DJtNwDjLdLZHjkBE4Ers
Registering distributed-process-simplelocalnet-0.2.3.3...
