Configuring pipes-files-0.1.1...
Building pipes-files-0.1.1...
Preprocessing library pipes-files-0.1.1...
[1 of 3] Compiling Pipes.Files.Types ( Pipes/Files/Types.hs, .stack-work/dist/x86_64-linux/Cabal-1.22.5.0/build/Pipes/Files/Types.o )
[2 of 3] Compiling Pipes.Files.Directory ( Pipes/Files/Directory.hs, .stack-work/dist/x86_64-linux/Cabal-1.22.5.0/build/Pipes/Files/Directory.o )
[3 of 3] Compiling Pipes.Files      ( Pipes/Files.hs, .stack-work/dist/x86_64-linux/Cabal-1.22.5.0/build/Pipes/Files.o )
Helper.c: In function ‘__hscore_d_namlen’:

Helper.c:15:10:
     warning: implicit declaration of function ‘strlen’ [-Wimplicit-function-declaration]
       return strlen(d->d_name);
              ^

Helper.c:15:10:
     warning: incompatible implicit declaration of built-in function ‘strlen’

Helper.c:15:10:
     note: include ‘<string.h>’ or provide a declaration of ‘strlen’
Helper.c: In function ‘__hscore_d_namlen’:

Helper.c:15:10:
     warning: implicit declaration of function ‘strlen’ [-Wimplicit-function-declaration]
       return strlen(d->d_name);
              ^

Helper.c:15:10:
     warning: incompatible implicit declaration of built-in function ‘strlen’

Helper.c:15:10:
     note: include ‘<string.h>’ or provide a declaration of ‘strlen’
In-place registering pipes-files-0.1.1...
Installing library in
/home/jibin/workspace/new_Disributed/restful-cyclomatic/.stack-work/install/x86_64-linux/lts-6.3/7.10.3/lib/x86_64-linux-ghc-7.10.3/pipes-files-0.1.1-IpWFkCG1QdyKbm3DZA4RAB
Registering pipes-files-0.1.1...
